


ARM Macro Assembler    Page 1 


    1 00000000         #line   1                "src\\TransformFunctions\\arm_b
itreversal2.S"
    1 00000000         ;
    2 00000000         
    3 00000000         
    4 00000000         
    5 00000000         
    6 00000000         
    7 00000000         
    8 00000000         
    9 00000000         
   10 00000000         
   11 00000000         
   12 00000000         
   13 00000000         
   14 00000000         
   15 00000000         
   16 00000000         
   17 00000000         
   18 00000000         
   19 00000000         
   20 00000000         
   21 00000000         
   22 00000000         
   23 00000000         
   24 00000000         
   25 00000000         
   26 00000000         
   27 00000000         
   28 00000000         
   29 00000000         
   30 00000000         
   31 00000000         
   32 00000000         
   33 00000000         
   34 00000000         
   35 00000000         
   36 00000000         
   37 00000000         
   38 00000000         
   39 00000000         
   40 00000000         
   41 00000000         
   42 00000000         
   43 00000000         #line   71               "src\\TransformFunctions\\arm_b
itreversal2.S"
   71 00000000         
   72 00000000                 AREA             ||. text||, CODE, READONLY, ALI
GN=2
   73 00000000                 THUMB
   74 00000000         
   75 00000000         ;
   76 00000000         
   77 00000000         
   78 00000000         
   79 00000000         
   80 00000000         
   81 00000000         
   82 00000000                 EXPORT           arm_bitreversal_32



ARM Macro Assembler    Page 2 


   83 00000000                 EXPORT           arm_bitreversal_16
   84 00000000         
   85 00000000         #line   136              "src\\TransformFunctions\\arm_b
itreversal2.S"
  136 00000000         
  137 00000000         arm_bitreversal_32
                               PROC
  138 00000000 1C4B            ADDS             r3,r1,#1
  139 00000002 2B01            CMP              r3,#1
  140 00000004 BF98            IT               LS
  141 00000006 4770            BXLS             lr
  142 00000008 E92D 03F0       PUSH             {r4-r9}
  143 0000000C 1C91            ADDS             r1,r2,#2
  144 0000000E 089B            LSRS             r3,r3,#2
  145 00000010         arm_bitreversal_32_0                 ; 
  146 00000010 F8B1 8004       LDRH             r8,[r1,#4]
  147 00000014 F8B1 9002       LDRH             r9,[r1,#2]
  148 00000018 880A            LDRH             r2,[r1,#0]
  149 0000001A F831 CC02       LDRH             r12,[r1,#-2]
  150 0000001E 4480            ADD              r8,r0,r8
  151 00000020 4481            ADD              r9,r0,r9
  152 00000022 4402            ADD              r2,r0,r2
  153 00000024 4484            ADD              r12,r0,r12
  154 00000026 F8D9 7000       LDR              r7,[r9,#0]
  155 0000002A F8D8 6000       LDR              r6,[r8,#0]
  156 0000002E 6815            LDR              r5,[r2,#0]
  157 00000030 F8DC 4000       LDR              r4,[r12,#0]
  158 00000034 F8C9 6000       STR              r6,[r9,#0]
  159 00000038 F8C8 7000       STR              r7,[r8,#0]
  160 0000003C F8CC 5000       STR              r5,[r12,#0]
  161 00000040 6014            STR              r4,[r2,#0]
  162 00000042 F8D9 7004       LDR              r7,[r9,#4]
  163 00000046 F8D8 6004       LDR              r6,[r8,#4]
  164 0000004A 6855            LDR              r5,[r2,#4]
  165 0000004C F8DC 4004       LDR              r4,[r12,#4]
  166 00000050 F8C9 6004       STR              r6,[r9,#4]
  167 00000054 F8C8 7004       STR              r7,[r8,#4]
  168 00000058 F8CC 5004       STR              r5,[r12,#4]
  169 0000005C 6054            STR              r4,[r2,#4]
  170 0000005E 3108            ADDS             r1,r1,#8
  171 00000060 1E5B            SUBS             r3,r3,#1
  172 00000062 D1D5            BNE              arm_bitreversal_32_0
  173 00000064 E8BD 03F0       POP              {r4-r9}
  174 00000068 4770            BX               lr
  175 0000006A                 ENDP
  176 0000006A         
  177 0000006A         arm_bitreversal_16
                               PROC
  178 0000006A 1C4B            ADDS             r3,r1,#1
  179 0000006C 2B01            CMP              r3,#1
  180 0000006E BF98            IT               LS
  181 00000070 4770            BXLS             lr
  182 00000072 E92D 03F0       PUSH             {r4-r9}
  183 00000076 1C91            ADDS             r1,r2,#2
  184 00000078 089B            LSRS             r3,r3,#2
  185 0000007A         arm_bitreversal_16_0                 ; 
  186 0000007A F8B1 8004       LDRH             r8,[r1,#4]
  187 0000007E F8B1 9002       LDRH             r9,[r1,#2]
  188 00000082 880A            LDRH             r2,[r1,#0]



ARM Macro Assembler    Page 3 


  189 00000084 F831 CC02       LDRH             r12,[r1,#-2]
  190 00000088 EB00 0858       ADD              r8,r0,r8,LSR #1
  191 0000008C EB00 0959       ADD              r9,r0,r9,LSR #1
  192 00000090 EB00 0252       ADD              r2,r0,r2,LSR #1
  193 00000094 EB00 0C5C       ADD              r12,r0,r12,LSR #1
  194 00000098 F8D9 7000       LDR              r7,[r9,#0]
  195 0000009C F8D8 6000       LDR              r6,[r8,#0]
  196 000000A0 6815            LDR              r5,[r2,#0]
  197 000000A2 F8DC 4000       LDR              r4,[r12,#0]
  198 000000A6 F8C9 6000       STR              r6,[r9,#0]
  199 000000AA F8C8 7000       STR              r7,[r8,#0]
  200 000000AE F8CC 5000       STR              r5,[r12,#0]
  201 000000B2 6014            STR              r4,[r2,#0]
  202 000000B4 3108            ADDS             r1,r1,#8
  203 000000B6 1E5B            SUBS             r3,r3,#1
  204 000000B8 D1DF            BNE              arm_bitreversal_16_0
  205 000000BA E8BD 03F0       POP              {r4-r9}
  206 000000BE 4770            BX               lr
  207 000000C0                 ENDP
  208 000000C0         
  209 000000C0         
  210 000000C0         
  211 000000C0                 END
Command Line: --debug --xref --cpreproc --diag_suppress=9931 --cpu=Cortex-M4.fp
 --apcs=interwork --depend=.\objects\arm_bitreversal2.d -o.\objects\arm_bitreve
rsal2.o -I"C:\Users\emh203\Google Drive\Teaching\EE403W\Spring 2017\Labs\Lab 4\
CMSIS-DSP\RTE\_CMSIS_DSP_4_5_O3" -IC:\Keil_v5\ARM\PACK\ARM\CMSIS\5.0.0\Device\A
RM\ARMCM4\Include -IC:\Keil_v5\ARM\CMSIS\Include --predefine="__UVISION_VERSION
 SETA 522" --predefine="ARMCM4_FP SETA 1" --predefine="__CC_ARM SETA 1" --cprep
roc_opts=-D,ARM_MATH_CM4 --list=.\listings\arm_bitreversal2.lst src\TransformFu
nctions\arm_bitreversal2.S



ARM Macro Assembler    Page 1 Alphabetic symbol ordering
Relocatable symbols

arm_bitreversal_16 0000006A

Symbol: arm_bitreversal_16
   Definitions
      At line 177 in file src\\TransformFunctions\\arm_bitreversal2.S
   Uses
      At line 83 in file src\\TransformFunctions\\arm_bitreversal2.S
Comment: arm_bitreversal_16 used once
arm_bitreversal_16_0 0000007A

Symbol: arm_bitreversal_16_0
   Definitions
      At line 185 in file src\\TransformFunctions\\arm_bitreversal2.S
   Uses
      At line 204 in file src\\TransformFunctions\\arm_bitreversal2.S
Comment: arm_bitreversal_16_0 used once
arm_bitreversal_32 00000000

Symbol: arm_bitreversal_32
   Definitions
      At line 137 in file src\\TransformFunctions\\arm_bitreversal2.S
   Uses
      At line 82 in file src\\TransformFunctions\\arm_bitreversal2.S
Comment: arm_bitreversal_32 used once
arm_bitreversal_32_0 00000010

Symbol: arm_bitreversal_32_0
   Definitions
      At line 145 in file src\\TransformFunctions\\arm_bitreversal2.S
   Uses
      At line 172 in file src\\TransformFunctions\\arm_bitreversal2.S
Comment: arm_bitreversal_32_0 used once
|. text| 00000000

Symbol: |. text|
   Definitions
      At line 72 in file src\\TransformFunctions\\arm_bitreversal2.S
   Uses
      None
Comment: |. text| unused
5 symbols
339 symbols in table
